{
  "RSpec": {
    "coverage": {
      "/Users/nseglins/Udemy/game/generals_back_end/app/models/unit.rb": {
        "lines": [
          1,
          1,
          null,
          1,
          1,
          null,
          1,
          null,
          1,
          null,
          1,
          null,
          1,
          5,
          null,
          null,
          null
        ]
      },
      "/Users/nseglins/Udemy/game/generals_back_end/app/models/application_record.rb": {
        "lines": [
          1,
          1,
          null
        ]
      },
      "/Users/nseglins/Udemy/game/generals_back_end/app/controllers/unit_controller.rb": {
        "lines": [
          1,
          1,
          null,
          1,
          1,
          1,
          null,
          null,
          1,
          1,
          1,
          null,
          null,
          1,
          null,
          null,
          1,
          1,
          1,
          null,
          0,
          null,
          null,
          null,
          1,
          null,
          null,
          1,
          0,
          null,
          0,
          null,
          null,
          1,
          null,
          1,
          1,
          null,
          null,
          null,
          null
        ]
      },
      "/Users/nseglins/Udemy/game/generals_back_end/app/controllers/api_controller.rb": {
        "lines": [
          null,
          null,
          1,
          null,
          1,
          1,
          3,
          null,
          3,
          3,
          3,
          null,
          null,
          3,
          null,
          null,
          1,
          0,
          null,
          null,
          1,
          3,
          null,
          3,
          3,
          null,
          0,
          null,
          null,
          null
        ]
      },
      "/Users/nseglins/Udemy/game/generals_back_end/app/controllers/application_controller.rb": {
        "lines": [
          1,
          null
        ]
      },
      "/Users/nseglins/Udemy/game/generals_back_end/app/serializers/unit_serializer.rb": {
        "lines": [
          null,
          null,
          1,
          null,
          1,
          null,
          null,
          1,
          0,
          null,
          null,
          1,
          4,
          null,
          null,
          1,
          4,
          null,
          null,
          1,
          4,
          null,
          null,
          1,
          4,
          null,
          null
        ]
      },
      "/Users/nseglins/Udemy/game/generals_back_end/app/channels/application_cable/channel.rb": {
        "lines": [
          0,
          0,
          0,
          0
        ],
        "branches": {}
      },
      "/Users/nseglins/Udemy/game/generals_back_end/app/channels/application_cable/connection.rb": {
        "lines": [
          0,
          0,
          0,
          0
        ],
        "branches": {}
      },
      "/Users/nseglins/Udemy/game/generals_back_end/app/jobs/application_job.rb": {
        "lines": [
          0,
          null,
          null,
          null,
          null,
          null,
          0
        ],
        "branches": {}
      },
      "/Users/nseglins/Udemy/game/generals_back_end/app/mailers/application_mailer.rb": {
        "lines": [
          0,
          0,
          0,
          0
        ],
        "branches": {}
      }
    },
    "timestamp": 1759733467
  }
}
